Using pre-set license
Built from '2020.3/staging' branch; Version is '2020.3.0f1 (c7b5465681fb) revision 13088070'; Using compiler version '192528614'; Build Type 'Release'
OS: 'Windows 10 Home; OS build 19042.985; Version 2009; 64bit' Language: 'en' Physical Memory: 16142 MB
BatchMode: 1, IsHumanControllingUs: 0, StartBugReporterOnCrash: 0, Is64bit: 1, IsPro: 0

 COMMAND LINE ARGUMENTS:
C:\Program Files\Unity\Hub\Editor\2020.3.0f1\Editor\Unity.exe
-adb2
-batchMode
-noUpm
-name
AssetImportWorker0
-projectPath
C:/Users/nasty/Documents/GitHub/Gamemakersspring2021/Opposum Game
-logFile
Logs/AssetImportWorker0.log
-srvPort
58547
Successfully changed project path to: C:/Users/nasty/Documents/GitHub/Gamemakersspring2021/Opposum Game
C:/Users/nasty/Documents/GitHub/Gamemakersspring2021/Opposum Game
Using Asset Import Pipeline V2.
Refreshing native plugins compatible for Editor in 40.68 ms, found 0 plugins.
Preloading 0 native plugins for Editor in 0.00 ms.
Initialize engine version: 2020.3.0f1 (c7b5465681fb)
[Subsystems] Discovering subsystems at path C:/Program Files/Unity/Hub/Editor/2020.3.0f1/Editor/Data/Resources/UnitySubsystems
[Subsystems] Discovering subsystems at path C:/Users/nasty/Documents/GitHub/Gamemakersspring2021/Opposum Game/Assets
GfxDevice: creating device client; threaded=0
Direct3D:
    Version:  Direct3D 11.0 [level 11.1]
    Renderer: NVIDIA GeForce RTX 2060 (ID=0x1f11)
    Vendor:   
    VRAM:     5980 MB
    Driver:   27.21.14.5687
Shader 'Universal Render Pipeline/Particles/Lit': fallback shader 'Universal Render Pipeline/Particles/SimpleLit' not found
Initialize mono
Mono path[0] = 'C:/Program Files/Unity/Hub/Editor/2020.3.0f1/Editor/Data/Managed'
Mono path[1] = 'C:/Program Files/Unity/Hub/Editor/2020.3.0f1/Editor/Data/MonoBleedingEdge/lib/mono/unityjit'
Mono config path = 'C:/Program Files/Unity/Hub/Editor/2020.3.0f1/Editor/Data/MonoBleedingEdge/etc'
Using monoOptions --debugger-agent=transport=dt_socket,embedding=1,server=y,suspend=n,address=127.0.0.1:56544
Begin MonoManager ReloadAssembly
Registering precompiled unity dll's ...
Register platform support module: C:/Program Files/Unity/Hub/Editor/2020.3.0f1/Editor/Data/PlaybackEngines/WebGLSupport/UnityEditor.WebGL.Extensions.dll
Register platform support module: C:/Program Files/Unity/Hub/Editor/2020.3.0f1/Editor/Data/PlaybackEngines/MacStandaloneSupport/UnityEditor.OSXStandalone.Extensions.dll
Register platform support module: C:/Program Files/Unity/Hub/Editor/2020.3.0f1/Editor/Data/PlaybackEngines/WindowsStandaloneSupport/UnityEditor.WindowsStandalone.Extensions.dll
Register platform support module: C:/Program Files/Unity/Hub/Editor/2020.3.0f1/Editor/Data/PlaybackEngines/LinuxStandaloneSupport/UnityEditor.LinuxStandalone.Extensions.dll
Register platform support module: C:/Program Files/Unity/Hub/Editor/2020.3.0f1/Editor/Data/PlaybackEngines/LuminSupport/UnityEditor.Lumin.Extensions.dll
Registered in 0.003185 seconds.
Native extension for Lumin target not found
Native extension for LinuxStandalone target not found
Native extension for WindowsStandalone target not found
Native extension for OSXStandalone target not found
Native extension for WebGL target not found
Refreshing native plugins compatible for Editor in 38.83 ms, found 0 plugins.
Preloading 0 native plugins for Editor in 0.00 ms.
Invoked RoslynAnalysisRunner static constructor.
RoslynAnalysisRunner will not be running.
RoslynAnalysisRunner has terminated.
Mono: successfully reloaded assembly
- Completed reload, in  1.187 seconds
Platform modules already initialized, skipping
Registering precompiled user dll's ...
Registered in 0.001412 seconds.
Begin MonoManager ReloadAssembly
Native extension for Lumin target not found
Native extension for LinuxStandalone target not found
Native extension for WindowsStandalone target not found
Native extension for OSXStandalone target not found
Native extension for WebGL target not found
Refreshing native plugins compatible for Editor in 39.59 ms, found 0 plugins.
Preloading 0 native plugins for Editor in 0.00 ms.
Invoked RoslynAnalysisRunner static constructor.
RoslynAnalysisRunner will not be running.
RoslynAnalysisRunner has terminated.
Mono: successfully reloaded assembly
- Completed reload, in  0.901 seconds
Platform modules already initialized, skipping
========================================================================
Worker process is ready to serve import requests
Shader 'Universal Render Pipeline/Particles/Lit': fallback shader 'Universal Render Pipeline/Particles/SimpleLit' not found
Launched and connected shader compiler UnityShaderCompiler.exe after 0.05 seconds
Refreshing native plugins compatible for Editor in 0.36 ms, found 0 plugins.
Preloading 0 native plugins for Editor in 0.00 ms.
Unloading 2421 Unused Serialized files (Serialized files now loaded: 0)
System memory in use before: 112.0 MB.
System memory in use after: 112.1 MB.

Unloading 11 unused Assets to reduce memory usage. Loaded Objects now: 2863.
Total: 2.108600 ms (FindLiveObjects: 0.214400 ms CreateObjectMapping: 0.125300 ms MarkObjects: 1.688000 ms  DeleteObjects: 0.080200 ms)

========================================================================
Received Import Request.
  path: Assets/Sewer Environment Assests
  artifactKey: Guid(973a97063550bc34792afa4e69f23677) Importer(815301076,1909f56bfc062723c751e8b465ee728b)
Start importing Assets/Sewer Environment Assests using Guid(973a97063550bc34792afa4e69f23677) Importer(815301076,1909f56bfc062723c751e8b465ee728b)  -> (artifact id: '3c65786c923625e435ee97844bb67699') in 0.008321 seconds
  Import took 0.011560 seconds .

========================================================================
Received Import Request.
  Time since last request: 3.123875 seconds.
  path: Assets/Sewer Environment Assests/Water
  artifactKey: Guid(6840bdacf62de6d4ab1e07c4ace816bf) Importer(815301076,1909f56bfc062723c751e8b465ee728b)
Start importing Assets/Sewer Environment Assests/Water using Guid(6840bdacf62de6d4ab1e07c4ace816bf) Importer(815301076,1909f56bfc062723c751e8b465ee728b)  -> (artifact id: '62ef69e296004bce910c972c4303a53c') in 0.002661 seconds
  Import took 0.006975 seconds .

========================================================================
Received Import Request.
  Time since last request: 0.004266 seconds.
  path: Assets/Sewer Environment Assests/Water
  artifactKey: Guid(6840bdacf62de6d4ab1e07c4ace816bf) Importer(815301076,1909f56bfc062723c751e8b465ee728b)
Start importing Assets/Sewer Environment Assests/Water using Guid(6840bdacf62de6d4ab1e07c4ace816bf) Importer(815301076,1909f56bfc062723c751e8b465ee728b)  -> (artifact id: '62ef69e296004bce910c972c4303a53c') in 0.002130 seconds
  Import took 0.005582 seconds .

========================================================================
Received Import Request.
  Time since last request: 0.085497 seconds.
  path: Assets/Sewer Environment Assests/Water/CartoonWater.mat
  artifactKey: Guid(0f11cb6c84343bb4db406c3ab0b459d4) Importer(815301076,1909f56bfc062723c751e8b465ee728b)
Start importing Assets/Sewer Environment Assests/Water/CartoonWater.mat using Guid(0f11cb6c84343bb4db406c3ab0b459d4) Importer(815301076,1909f56bfc062723c751e8b465ee728b)  -> (artifact id: '469ab016e8bb4b158ebc2629120f0fbe') in 0.790222 seconds
  Import took 0.795080 seconds .

========================================================================
Received Import Request.
  Time since last request: 6.604933 seconds.
  path: Assets/Sewer Environment Assests/Pipes
  artifactKey: Guid(6191735008ca5ac469288e98eb9ddd74) Importer(815301076,1909f56bfc062723c751e8b465ee728b)
Start importing Assets/Sewer Environment Assests/Pipes using Guid(6191735008ca5ac469288e98eb9ddd74) Importer(815301076,1909f56bfc062723c751e8b465ee728b)  -> (artifact id: '1953bb71e812aa04d9e1ef66a9518caa') in 0.007596 seconds
  Import took 0.011871 seconds .

========================================================================
Received Import Request.
  Time since last request: 0.000965 seconds.
  path: Assets/Sewer Environment Assests/Pipes
  artifactKey: Guid(6191735008ca5ac469288e98eb9ddd74) Importer(815301076,1909f56bfc062723c751e8b465ee728b)
Start importing Assets/Sewer Environment Assests/Pipes using Guid(6191735008ca5ac469288e98eb9ddd74) Importer(815301076,1909f56bfc062723c751e8b465ee728b)  -> (artifact id: '1953bb71e812aa04d9e1ef66a9518caa') in 0.003049 seconds
  Import took 0.006455 seconds .

========================================================================
Received Import Request.
  Time since last request: 0.055761 seconds.
  path: Assets/Sewer Environment Assests/Pipes/bigPipe_01_low.obj
  artifactKey: Guid(538a94a68b70e8445837c206d3b85b01) Importer(815301076,1909f56bfc062723c751e8b465ee728b)
Start importing Assets/Sewer Environment Assests/Pipes/bigPipe_01_low.obj using Guid(538a94a68b70e8445837c206d3b85b01) Importer(815301076,1909f56bfc062723c751e8b465ee728b)  -> (artifact id: 'caed61895537e19e25f24f708039d763') in 0.566010 seconds
  Import took 0.570003 seconds .

========================================================================
Received Import Request.
  Time since last request: 0.000302 seconds.
  path: Assets/Sewer Environment Assests/Pipes/verticalPipe_01_low.obj
  artifactKey: Guid(6df6c939c751b6f46a09301357335a18) Importer(815301076,1909f56bfc062723c751e8b465ee728b)
Start importing Assets/Sewer Environment Assests/Pipes/verticalPipe_01_low.obj using Guid(6df6c939c751b6f46a09301357335a18) Importer(815301076,1909f56bfc062723c751e8b465ee728b)  -> (artifact id: '3690611c7812b1ecead00b96e7d1234a') in 0.034101 seconds
  Import took 0.037625 seconds .

========================================================================
Received Import Request.
  Time since last request: 0.000247 seconds.
  path: Assets/Sewer Environment Assests/Pipes/seelingPipe_01_low.obj
  artifactKey: Guid(3ed4c4c4783926d4a9b496451491b647) Importer(815301076,1909f56bfc062723c751e8b465ee728b)
Start importing Assets/Sewer Environment Assests/Pipes/seelingPipe_01_low.obj using Guid(3ed4c4c4783926d4a9b496451491b647) Importer(815301076,1909f56bfc062723c751e8b465ee728b)  -> (artifact id: 'c10765b2da536ecf7d1a41b9ac4d705b') in 0.033510 seconds
  Import took 0.037201 seconds .

========================================================================
Received Import Request.
  Time since last request: 0.000290 seconds.
  path: Assets/Sewer Environment Assests/Pipes/pipeHorizontal_01_low.obj
  artifactKey: Guid(f431589f1988f9d40b9b4df56fad969f) Importer(815301076,1909f56bfc062723c751e8b465ee728b)
Start importing Assets/Sewer Environment Assests/Pipes/pipeHorizontal_01_low.obj using Guid(f431589f1988f9d40b9b4df56fad969f) Importer(815301076,1909f56bfc062723c751e8b465ee728b)  -> (artifact id: '504e08a06bc9efbf9feecebc8513437b') in 0.032681 seconds
  Import took 0.036759 seconds .

========================================================================
Received Import Request.
  Time since last request: 0.000356 seconds.
  path: Assets/Sewer Environment Assests/Pipes/smallHorizonalPipe_01_low.obj
  artifactKey: Guid(e05c22614b94739408ab003cbfee75ba) Importer(815301076,1909f56bfc062723c751e8b465ee728b)
Start importing Assets/Sewer Environment Assests/Pipes/smallHorizonalPipe_01_low.obj using Guid(e05c22614b94739408ab003cbfee75ba) Importer(815301076,1909f56bfc062723c751e8b465ee728b)  -> (artifact id: '64f222cc5d6b24639d8e8e21ba14aa2d') in 0.031151 seconds
  Import took 0.036188 seconds .

AssetImportWorkerClient::OnTransportError - code=2 error=End of file
